# JRE version: OpenJDK Runtime Environment Temurin-20.0.2+9 (20.0.2+9) (build 20.0.2+9)
# Java VM: OpenJDK 64-Bit Server VM Temurin-20.0.2+9 (20.0.2+9, mixed mode, sharing, tiered, compressed oops, compressed class ptrs, g1 gc, windows-amd64)
GC Precious Log:
 CardTable entry size: 512
 Card Set container configuration: InlinePtr #cards 5 size 8 Array Of Cards #cards 12 size 40 Howl #buckets 4 coarsen threshold 1843 Howl Bitmap #cards 512 size 80 coarsen threshold 460 Card regions per heap region 1 cards per card region 2048
 CPUs: 8 total, 8 available
 Memory: 12071M
 Large Page Support: Disabled
 NUMA Support: Disabled
 Compressed Oops: Enabled (32-bit)
 Heap Region Size: 1M
 Heap Min Capacity: 8M
 Heap Initial Capacity: 190M
 Heap Max Capacity: 2G
 Pre-touch: Disabled
 Parallel Workers: 8
 Concurrent Workers: 2
 Concurrent Refinement Workers: 8
 Periodic GC: Disabled
Heap:
 garbage-first heap   total 237568K, used 155450K [0x0000000080000000, 0x0000000100000000)
  region size 1024K, 21 young (21504K), 6 survivors (6144K)
 Metaspace       used 109271K, committed 111936K, reserved 552960K
  class space    used 15218K, committed 16512K, reserved 421888K
GC Heap History (20 events):
Event: 46.306 GC heap before
{Heap before GC invocations=41 (full 0):
 garbage-first heap   total 171008K, used 155472K [0x0000000080000000, 0x0000000100000000)
  region size 1024K, 55 young (56320K), 5 survivors (5120K)
 Metaspace       used 94473K, committed 96896K, reserved 552960K
  class space    used 13048K, committed 14272K, reserved 421888K
}
Event: 46.314 GC heap after
{Heap after GC invocations=42 (full 0):
 garbage-first heap   total 171008K, used 106779K [0x0000000080000000, 0x0000000100000000)
  region size 1024K, 5 young (5120K), 5 survivors (5120K)
 Metaspace       used 94473K, committed 96896K, reserved 552960K
  class space    used 13048K, committed 14272K, reserved 421888K
}
Event: 47.985 GC heap before
{Heap before GC invocations=43 (full 0):
 garbage-first heap   total 184320K, used 155931K [0x0000000080000000, 0x0000000100000000)
  region size 1024K, 53 young (54272K), 5 survivors (5120K)
 Metaspace       used 95479K, committed 97920K, reserved 552960K
  class space    used 13183K, committed 14400K, reserved 421888K
}
Event: 47.992 GC heap after
{Heap after GC invocations=44 (full 0):
 garbage-first heap   total 184320K, used 109820K [0x0000000080000000, 0x0000000100000000)
  region size 1024K, 6 young (6144K), 6 survivors (6144K)
 Metaspace       used 95479K, committed 97920K, reserved 552960K
  class space    used 13183K, committed 14400K, reserved 421888K
}
Event: 49.654 GC heap before
{Heap before GC invocations=44 (full 0):
 garbage-first heap   total 184320K, used 168188K [0x0000000080000000, 0x0000000100000000)
  region size 1024K, 62 young (63488K), 6 survivors (6144K)
 Metaspace       used 99176K, committed 101568K, reserved 552960K
  class space    used 13763K, committed 14976K, reserved 421888K
}
Event: 49.661 GC heap after
{Heap after GC invocations=45 (full 0):
 garbage-first heap   total 184320K, used 110883K [0x0000000080000000, 0x0000000100000000)
  region size 1024K, 5 young (5120K), 5 survivors (5120K)
 Metaspace       used 99176K, committed 101568K, reserved 552960K
  class space    used 13763K, committed 14976K, reserved 421888K
}
Event: 51.344 GC heap before
{Heap before GC invocations=45 (full 0):
 garbage-first heap   total 184320K, used 169251K [0x0000000080000000, 0x0000000100000000)
  region size 1024K, 62 young (63488K), 5 survivors (5120K)
 Metaspace       used 102945K, committed 105408K, reserved 552960K
  class space    used 14319K, committed 15552K, reserved 421888K
}
Event: 51.353 GC heap after
{Heap after GC invocations=46 (full 0):
 garbage-first heap   total 184320K, used 112948K [0x0000000080000000, 0x0000000100000000)
  region size 1024K, 4 young (4096K), 4 survivors (4096K)
 Metaspace       used 102945K, committed 105408K, reserved 552960K
  class space    used 14319K, committed 15552K, reserved 421888K
}
Event: 53.173 GC heap before
{Heap before GC invocations=47 (full 0):
 garbage-first heap   total 194560K, used 169268K [0x0000000080000000, 0x0000000100000000)
  region size 1024K, 59 young (60416K), 4 survivors (4096K)
 Metaspace       used 106935K, committed 109504K, reserved 552960K
  class space    used 14866K, committed 16128K, reserved 421888K
}
Event: 53.184 GC heap after
{Heap after GC invocations=48 (full 0):
 garbage-first heap   total 194560K, used 117367K [0x0000000080000000, 0x0000000100000000)
  region size 1024K, 8 young (8192K), 8 survivors (8192K)
 Metaspace       used 106935K, committed 109504K, reserved 552960K
  class space    used 14866K, committed 16128K, reserved 421888K
}
Event: 54.878 GC heap before
{Heap before GC invocations=48 (full 0):
 garbage-first heap   total 194560K, used 174711K [0x0000000080000000, 0x0000000100000000)
  region size 1024K, 65 young (66560K), 8 survivors (8192K)
 Metaspace       used 108169K, committed 110784K, reserved 552960K
  class space    used 15085K, committed 16384K, reserved 421888K
}
Event: 54.895 GC heap after
{Heap after GC invocations=49 (full 0):
 garbage-first heap   total 194560K, used 124462K [0x0000000080000000, 0x0000000100000000)
  region size 1024K, 9 young (9216K), 9 survivors (9216K)
 Metaspace       used 108169K, committed 110784K, reserved 552960K
  class space    used 15085K, committed 16384K, reserved 421888K
}
Event: 56.420 GC heap before
{Heap before GC invocations=49 (full 0):
 garbage-first heap   total 194560K, used 173614K [0x0000000080000000, 0x0000000100000000)
  region size 1024K, 58 young (59392K), 9 survivors (9216K)
 Metaspace       used 109026K, committed 111680K, reserved 552960K
  class space    used 15186K, committed 16448K, reserved 421888K
}
Event: 56.439 GC heap after
{Heap after GC invocations=50 (full 0):
 garbage-first heap   total 194560K, used 133277K [0x0000000080000000, 0x0000000100000000)
  region size 1024K, 8 young (8192K), 8 survivors (8192K)
 Metaspace       used 109026K, committed 111680K, reserved 552960K
  class space    used 15186K, committed 16448K, reserved 421888K
}
Event: 57.005 GC heap before
{Heap before GC invocations=51 (full 0):
 garbage-first heap   total 237568K, used 171165K [0x0000000080000000, 0x0000000100000000)
  region size 1024K, 46 young (47104K), 8 survivors (8192K)
 Metaspace       used 109042K, committed 111680K, reserved 552960K
  class space    used 15186K, committed 16448K, reserved 421888K
}
Event: 57.019 GC heap after
{Heap after GC invocations=52 (full 0):
 garbage-first heap   total 237568K, used 135991K [0x0000000080000000, 0x0000000100000000)
  region size 1024K, 5 young (5120K), 5 survivors (5120K)
 Metaspace       used 109042K, committed 111680K, reserved 552960K
  class space    used 15186K, committed 16448K, reserved 421888K
}
Event: 57.637 GC heap before
{Heap before GC invocations=52 (full 0):
 garbage-first heap   total 237568K, used 207671K [0x0000000080000000, 0x0000000100000000)
  region size 1024K, 76 young (77824K), 5 survivors (5120K)
 Metaspace       used 109062K, committed 111744K, reserved 552960K
  class space    used 15188K, committed 16512K, reserved 421888K
}
Event: 57.644 GC heap after
{Heap after GC invocations=53 (full 0):
 garbage-first heap   total 237568K, used 136091K [0x0000000080000000, 0x0000000100000000)
  region size 1024K, 6 young (6144K), 6 survivors (6144K)
 Metaspace       used 109062K, committed 111744K, reserved 552960K
  class space    used 15188K, committed 16512K, reserved 421888K
}
Event: 57.876 GC heap before
{Heap before GC invocations=53 (full 0):
 garbage-first heap   total 237568K, used 139163K [0x0000000080000000, 0x0000000100000000)
  region size 1024K, 10 young (10240K), 6 survivors (6144K)
 Metaspace       used 109102K, committed 111808K, reserved 552960K
  class space    used 15192K, committed 16512K, reserved 421888K
}
Event: 57.886 GC heap after
{Heap after GC invocations=54 (full 0):
 garbage-first heap   total 237568K, used 137018K [0x0000000080000000, 0x0000000100000000)
  region size 1024K, 6 young (6144K), 6 survivors (6144K)
 Metaspace       used 109102K, committed 111808K, reserved 552960K
  class space    used 15192K, committed 16512K, reserved 421888K
}

