# JRE version: OpenJDK Runtime Environment Temurin-20.0.2+9 (20.0.2+9) (build 20.0.2+9)
# Java VM: OpenJDK 64-Bit Server VM Temurin-20.0.2+9 (20.0.2+9, mixed mode, sharing, tiered, compressed oops, compressed class ptrs, g1 gc, windows-amd64)
GC Precious Log:
 CardTable entry size: 512
 Card Set container configuration: InlinePtr #cards 5 size 8 Array Of Cards #cards 12 size 40 Howl #buckets 4 coarsen threshold 1843 Howl Bitmap #cards 512 size 80 coarsen threshold 460 Card regions per heap region 1 cards per card region 2048
 CPUs: 8 total, 8 available
 Memory: 12071M
 Large Page Support: Disabled
 NUMA Support: Disabled
 Compressed Oops: Enabled (32-bit)
 Heap Region Size: 1M
 Heap Min Capacity: 8M
 Heap Initial Capacity: 190M
 Heap Max Capacity: 2G
 Pre-touch: Disabled
 Parallel Workers: 8
 Concurrent Workers: 2
 Concurrent Refinement Workers: 8
 Periodic GC: Disabled
Heap:
 garbage-first heap   total 329728K, used 222505K [0x0000000080000000, 0x0000000100000000)
  region size 1024K, 25 young (25600K), 10 survivors (10240K)
 Metaspace       used 126754K, committed 129728K, reserved 552960K
  class space    used 16996K, committed 18624K, reserved 421888K
GC Heap History (20 events):
Event: 1881.224 GC heap before
{Heap before GC invocations=58 (full 0):
 garbage-first heap   total 276480K, used 213431K [0x0000000080000000, 0x0000000100000000)
  region size 1024K, 63 young (64512K), 10 survivors (10240K)
 Metaspace       used 125984K, committed 128832K, reserved 552960K
  class space    used 17172K, committed 18560K, reserved 421888K
}
Event: 1881.238 GC heap after
{Heap after GC invocations=59 (full 0):
 garbage-first heap   total 276480K, used 164825K [0x0000000080000000, 0x0000000100000000)
  region size 1024K, 5 young (5120K), 5 survivors (5120K)
 Metaspace       used 125984K, committed 128832K, reserved 552960K
  class space    used 17172K, committed 18560K, reserved 421888K
}
Event: 1883.292 GC heap before
{Heap before GC invocations=59 (full 0):
 garbage-first heap   total 276480K, used 248793K [0x0000000080000000, 0x0000000100000000)
  region size 1024K, 86 young (88064K), 5 survivors (5120K)
 Metaspace       used 126028K, committed 128896K, reserved 552960K
  class space    used 17177K, committed 18560K, reserved 421888K
}
Event: 1883.314 GC heap after
{Heap after GC invocations=60 (full 0):
 garbage-first heap   total 276480K, used 163840K [0x0000000080000000, 0x0000000100000000)
  region size 1024K, 9 young (9216K), 9 survivors (9216K)
 Metaspace       used 126028K, committed 128896K, reserved 552960K
  class space    used 17177K, committed 18560K, reserved 421888K
}
Event: 1883.435 GC heap before
{Heap before GC invocations=60 (full 0):
 garbage-first heap   total 276480K, used 166912K [0x0000000080000000, 0x0000000100000000)
  region size 1024K, 13 young (13312K), 9 survivors (9216K)
 Metaspace       used 126029K, committed 128896K, reserved 552960K
  class space    used 17177K, committed 18560K, reserved 421888K
}
Event: 1883.441 GC heap after
{Heap after GC invocations=61 (full 0):
 garbage-first heap   total 276480K, used 167199K [0x0000000080000000, 0x0000000100000000)
  region size 1024K, 4 young (4096K), 4 survivors (4096K)
 Metaspace       used 126029K, committed 128896K, reserved 552960K
  class space    used 17177K, committed 18560K, reserved 421888K
}
Event: 1886.090 GC heap before
{Heap before GC invocations=62 (full 0):
 garbage-first heap   total 288768K, used 220447K [0x0000000080000000, 0x0000000100000000)
  region size 1024K, 54 young (55296K), 4 survivors (4096K)
 Metaspace       used 126266K, committed 129152K, reserved 552960K
  class space    used 17212K, committed 18624K, reserved 421888K
}
Event: 1886.100 GC heap after
{Heap after GC invocations=63 (full 0):
 garbage-first heap   total 288768K, used 177005K [0x0000000080000000, 0x0000000100000000)
  region size 1024K, 7 young (7168K), 7 survivors (7168K)
 Metaspace       used 126266K, committed 129152K, reserved 552960K
  class space    used 17212K, committed 18624K, reserved 421888K
}
Event: 1887.521 GC heap before
{Heap before GC invocations=63 (full 0):
 garbage-first heap   total 288768K, used 231277K [0x0000000080000000, 0x0000000100000000)
  region size 1024K, 61 young (62464K), 7 survivors (7168K)
 Metaspace       used 126266K, committed 129152K, reserved 552960K
  class space    used 17212K, committed 18624K, reserved 421888K
}
Event: 1887.539 GC heap after
{Heap after GC invocations=64 (full 0):
 garbage-first heap   total 288768K, used 176205K [0x0000000080000000, 0x0000000100000000)
  region size 1024K, 4 young (4096K), 4 survivors (4096K)
 Metaspace       used 126266K, committed 129152K, reserved 552960K
  class space    used 17212K, committed 18624K, reserved 421888K
}
Event: 1889.724 GC heap before
{Heap before GC invocations=64 (full 0):
 garbage-first heap   total 288768K, used 222285K [0x0000000080000000, 0x0000000100000000)
  region size 1024K, 51 young (52224K), 4 survivors (4096K)
 Metaspace       used 126324K, committed 129216K, reserved 552960K
  class space    used 17216K, committed 18624K, reserved 421888K
}
Event: 1889.735 GC heap after
{Heap after GC invocations=65 (full 0):
 garbage-first heap   total 288768K, used 178795K [0x0000000080000000, 0x0000000100000000)
  region size 1024K, 7 young (7168K), 7 survivors (7168K)
 Metaspace       used 126324K, committed 129216K, reserved 552960K
  class space    used 17216K, committed 18624K, reserved 421888K
}
Event: 1895.774 GC heap before
{Heap before GC invocations=66 (full 0):
 garbage-first heap   total 309248K, used 244331K [0x0000000080000000, 0x0000000100000000)
  region size 1024K, 68 young (69632K), 7 survivors (7168K)
 Metaspace       used 125178K, committed 129216K, reserved 552960K
  class space    used 16902K, committed 18624K, reserved 421888K
}
Event: 1895.790 GC heap after
{Heap after GC invocations=67 (full 0):
 garbage-first heap   total 309248K, used 193100K [0x0000000080000000, 0x0000000100000000)
  region size 1024K, 9 young (9216K), 9 survivors (9216K)
 Metaspace       used 125178K, committed 129216K, reserved 552960K
  class space    used 16902K, committed 18624K, reserved 421888K
}
Event: 1897.237 GC heap before
{Heap before GC invocations=67 (full 0):
 garbage-first heap   total 309248K, used 258636K [0x0000000080000000, 0x0000000100000000)
  region size 1024K, 74 young (75776K), 9 survivors (9216K)
 Metaspace       used 125178K, committed 129216K, reserved 552960K
  class space    used 16902K, committed 18624K, reserved 421888K
}
Event: 1897.258 GC heap after
{Heap after GC invocations=68 (full 0):
 garbage-first heap   total 309248K, used 191402K [0x0000000080000000, 0x0000000100000000)
  region size 1024K, 5 young (5120K), 5 survivors (5120K)
 Metaspace       used 125178K, committed 129216K, reserved 552960K
  class space    used 16902K, committed 18624K, reserved 421888K
}
Event: 1898.789 GC heap before
{Heap before GC invocations=68 (full 0):
 garbage-first heap   total 309248K, used 226218K [0x0000000080000000, 0x0000000100000000)
  region size 1024K, 41 young (41984K), 5 survivors (5120K)
 Metaspace       used 125215K, committed 129216K, reserved 552960K
  class space    used 16907K, committed 18624K, reserved 421888K
}
Event: 1898.802 GC heap after
{Heap after GC invocations=69 (full 0):
 garbage-first heap   total 309248K, used 193306K [0x0000000080000000, 0x0000000100000000)
  region size 1024K, 7 young (7168K), 7 survivors (7168K)
 Metaspace       used 125215K, committed 129216K, reserved 552960K
  class space    used 16907K, committed 18624K, reserved 421888K
}
Event: 1903.436 GC heap before
{Heap before GC invocations=70 (full 0):
 garbage-first heap   total 329728K, used 267034K [0x0000000080000000, 0x0000000100000000)
  region size 1024K, 79 young (80896K), 7 survivors (7168K)
 Metaspace       used 126307K, committed 129472K, reserved 552960K
  class space    used 16933K, committed 18624K, reserved 421888K
}
Event: 1903.456 GC heap after
{Heap after GC invocations=71 (full 0):
 garbage-first heap   total 329728K, used 208169K [0x0000000080000000, 0x0000000100000000)
  region size 1024K, 10 young (10240K), 10 survivors (10240K)
 Metaspace       used 126307K, committed 129472K, reserved 552960K
  class space    used 16933K, committed 18624K, reserved 421888K
}

